<?xml version="1.0" encoding="UTF-8"?>
<!-- Generated by org.testng.reporters.JUnitXMLReporter -->
<testsuite ignored="0" hostname="DESKTOP-OEB471V" failures="0" tests="3" name="Default test" time="1.949" errors="0" timestamp="2024-03-22T11:18:04 IST">
  <testcase classname="dataProvider.DataProviderClass" name="postWithDataProvider" time="1.734"/>
  <testcase classname="dataProvider.DataProviderClass" name="postWithDataProvider" time="0.086"/>
  <testcase classname="dataProvider.DataProviderClass" name="postWithDataProvider" time="0.076"/>
</testsuite> <!-- Default test -->
