<?xml version="1.0" encoding="UTF-8"?>
<testng-results ignored="0" total="3" passed="3" failed="0" skipped="0">
  <reporter-output>
  </reporter-output>
  <suite started-at="2024-03-22T11:18:02 IST" name="Default suite" finished-at="2024-03-22T11:18:04 IST" duration-ms="1949">
    <groups>
    </groups>
    <test started-at="2024-03-22T11:18:02 IST" name="Default test" finished-at="2024-03-22T11:18:04 IST" duration-ms="1949">
      <class name="dataProvider.DataProviderClass">
        <test-method signature="postWithDataProvider(java.lang.String,java.lang.String,java.lang.String,int)[pri:0, instance:dataProvider.DataProviderClass@1151e434]" started-at="2024-03-22T11:18:02 IST" name="postWithDataProvider" data-provider="data" finished-at="2024-03-22T11:18:03 IST" duration-ms="1734" status="PASS">
          <params>
            <param index="0">
              <value>
                <![CDATA[virat]]>
              </value>
            </param>
            <param index="1">
              <value>
                <![CDATA[rcb]]>
              </value>
            </param>
            <param index="2">
              <value>
                <![CDATA[not started]]>
              </value>
            </param>
            <param index="3">
              <value>
                <![CDATA[11]]>
              </value>
            </param>
          </params>
          <reporter-output>
          </reporter-output>
        </test-method> <!-- postWithDataProvider -->
        <test-method signature="postWithDataProvider(java.lang.String,java.lang.String,java.lang.String,int)[pri:0, instance:dataProvider.DataProviderClass@1151e434]" started-at="2024-03-22T11:18:03 IST" name="postWithDataProvider" data-provider="data" finished-at="2024-03-22T11:18:03 IST" duration-ms="86" status="PASS">
          <params>
            <param index="0">
              <value>
                <![CDATA[faf]]>
              </value>
            </param>
            <param index="1">
              <value>
                <![CDATA[rcb]]>
              </value>
            </param>
            <param index="2">
              <value>
                <![CDATA[not started]]>
              </value>
            </param>
            <param index="3">
              <value>
                <![CDATA[11]]>
              </value>
            </param>
          </params>
          <reporter-output>
          </reporter-output>
        </test-method> <!-- postWithDataProvider -->
        <test-method signature="postWithDataProvider(java.lang.String,java.lang.String,java.lang.String,int)[pri:0, instance:dataProvider.DataProviderClass@1151e434]" started-at="2024-03-22T11:18:03 IST" name="postWithDataProvider" data-provider="data" finished-at="2024-03-22T11:18:04 IST" duration-ms="76" status="PASS">
          <params>
            <param index="0">
              <value>
                <![CDATA[Maxwell]]>
              </value>
            </param>
            <param index="1">
              <value>
                <![CDATA[rcb]]>
              </value>
            </param>
            <param index="2">
              <value>
                <![CDATA[not started]]>
              </value>
            </param>
            <param index="3">
              <value>
                <![CDATA[11]]>
              </value>
            </param>
          </params>
          <reporter-output>
          </reporter-output>
        </test-method> <!-- postWithDataProvider -->
      </class> <!-- dataProvider.DataProviderClass -->
    </test> <!-- Default test -->
  </suite> <!-- Default suite -->
</testng-results>
